# JRE version: OpenJDK Runtime Environment (11.0.15) (build 11.0.15+0-b2043.56-9505619)
# Java VM: OpenJDK 64-Bit Server VM (11.0.15+0-b2043.56-9505619, mixed mode, tiered, compressed oops, g1 gc, windows-amd64)
Heap:
 garbage-first heap   total 312320K, used 50852K [0x00000006e0000000, 0x0000000800000000)
  region size 1024K, 19 young (19456K), 19 survivors (19456K)
 Metaspace       used 53246K, capacity 54644K, committed 54812K, reserved 1097728K
  class space    used 6719K, capacity 7232K, committed 7244K, reserved 1048576K
GC Heap History (11 events):
Event: 0.644 GC heap before
{Heap before GC invocations=0 (full 0):
 garbage-first heap   total 260096K, used 29696K [0x00000006e0000000, 0x0000000800000000)
  region size 1024K, 24 young (24576K), 0 survivors (0K)
 Metaspace       used 10128K, capacity 10281K, committed 10368K, reserved 1058816K
  class space    used 1039K, capacity 1108K, committed 1152K, reserved 1048576K
}
Event: 0.647 GC heap after
{Heap after GC invocations=1 (full 0):
 garbage-first heap   total 260096K, used 9201K [0x00000006e0000000, 0x0000000800000000)
  region size 1024K, 3 young (3072K), 3 survivors (3072K)
 Metaspace       used 10128K, capacity 10281K, committed 10368K, reserved 1058816K
  class space    used 1039K, capacity 1108K, committed 1152K, reserved 1048576K
}
Event: 2.056 GC heap before
{Heap before GC invocations=1 (full 0):
 garbage-first heap   total 260096K, used 106481K [0x00000006e0000000, 0x0000000800000000)
  region size 1024K, 99 young (101376K), 3 survivors (3072K)
 Metaspace       used 20799K, capacity 21205K, committed 21296K, reserved 1069056K
  class space    used 2529K, capacity 2688K, committed 2688K, reserved 1048576K
}
Event: 2.064 GC heap after
{Heap after GC invocations=2 (full 0):
 garbage-first heap   total 260096K, used 16920K [0x00000006e0000000, 0x0000000800000000)
  region size 1024K, 11 young (11264K), 11 survivors (11264K)
 Metaspace       used 20799K, capacity 21205K, committed 21296K, reserved 1069056K
  class space    used 2529K, capacity 2688K, committed 2688K, reserved 1048576K
}
Event: 2.588 GC heap before
{Heap before GC invocations=3 (full 0):
 garbage-first heap   total 260096K, used 84504K [0x00000006e0000000, 0x0000000800000000)
  region size 1024K, 77 young (78848K), 11 survivors (11264K)
 Metaspace       used 27396K, capacity 27993K, committed 28160K, reserved 1073152K
  class space    used 3563K, capacity 3812K, committed 3840K, reserved 1048576K
}
Event: 2.596 GC heap after
{Heap after GC invocations=4 (full 0):
 garbage-first heap   total 260096K, used 19488K [0x00000006e0000000, 0x0000000800000000)
  region size 1024K, 3 young (3072K), 3 survivors (3072K)
 Metaspace       used 27396K, capacity 27993K, committed 28160K, reserved 1073152K
  class space    used 3563K, capacity 3812K, committed 3840K, reserved 1048576K
}
Event: 3.196 GC heap before
{Heap before GC invocations=4 (full 0):
 garbage-first heap   total 260096K, used 69664K [0x00000006e0000000, 0x0000000800000000)
  region size 1024K, 53 young (54272K), 3 survivors (3072K)
 Metaspace       used 35221K, capacity 35985K, committed 36048K, reserved 1081344K
  class space    used 4539K, capacity 4837K, committed 4864K, reserved 1048576K
}
Event: 3.204 GC heap after
{Heap after GC invocations=5 (full 0):
 garbage-first heap   total 260096K, used 22291K [0x00000006e0000000, 0x0000000800000000)
  region size 1024K, 6 young (6144K), 6 survivors (6144K)
 Metaspace       used 35221K, capacity 35985K, committed 36048K, reserved 1081344K
  class space    used 4539K, capacity 4837K, committed 4864K, reserved 1048576K
}
Event: 4.378 GC heap before
{Heap before GC invocations=6 (full 0):
 garbage-first heap   total 260096K, used 139027K [0x00000006e0000000, 0x0000000800000000)
  region size 1024K, 117 young (119808K), 6 survivors (6144K)
 Metaspace       used 44846K, capacity 45883K, committed 45980K, reserved 1089536K
  class space    used 5645K, capacity 6029K, committed 6092K, reserved 1048576K
}
Event: 4.392 GC heap after
{Heap after GC invocations=7 (full 0):
 garbage-first heap   total 260096K, used 30455K [0x00000006e0000000, 0x0000000800000000)
  region size 1024K, 14 young (14336K), 14 survivors (14336K)
 Metaspace       used 44846K, capacity 45883K, committed 45980K, reserved 1089536K
  class space    used 5645K, capacity 6029K, committed 6092K, reserved 1048576K
}
Event: 5.665 GC heap before
{Heap before GC invocations=8 (full 0):
 garbage-first heap   total 260096K, used 173815K [0x00000006e0000000, 0x0000000800000000)
  region size 1024K, 145 young (148480K), 14 survivors (14336K)
 Metaspace       used 53246K, capacity 54644K, committed 54812K, reserved 1097728K
  class space    used 6719K, capacity 7232K, committed 7244K, reserved 1048576K
}

